2026-02-27 21:23:26,831 | INFO | Order request: {'symbol': 'BTCUSDT', 'side': 'BUY', 'type': 'MARKET', 'quantity': 0.001}
2026-02-27 21:23:28,824 | ERROR | API Error: BinanceRequestException: Invalid Response: 
2026-02-27 21:25:01,382 | INFO | Order request: {'symbol': 'BTCUSDT', 'side': 'BUY', 'type': 'MARKET', 'quantity': 0.001}
2026-02-27 21:25:02,550 | ERROR | API Error: APIError(code=-1021): Timestamp for this request was 1000ms ahead of the server's time.
Traceback (most recent call last):
  File "C:\Users\ASTEP\OneDrive\2024\Desktop\Project\bot\client.py", line 12, in place_order
    response = self.client.futures_create_order(**kwargs)
  File "C:\Users\ASTEP\AppData\Local\Programs\Python\Python313\Lib\site-packages\binance\client.py", line 6504, in futures_create_order
    return self._request_futures_api('post', 'order', True, data=params)
           ~~~~~~~~~~~~~~~~~~~~~~~~~^^^^^^^^^^^^^^^^^^^^^^^^^^^^^^^^^^^^
  File "C:\Users\ASTEP\AppData\Local\Programs\Python\Python313\Lib\site-packages\binance\client.py", line 383, in _request_futures_api
    return self._request(method, uri, signed, True, **kwargs)
           ~~~~~~~~~~~~~^^^^^^^^^^^^^^^^^^^^^^^^^^^^^^^^^^^^^
  File "C:\Users\ASTEP\AppData\Local\Programs\Python\Python313\Lib\site-packages\binance\client.py", line 359, in _request
    return self._handle_response(self.response)
           ~~~~~~~~~~~~~~~~~~~~~^^^^^^^^^^^^^^^
  File "C:\Users\ASTEP\AppData\Local\Programs\Python\Python313\Lib\site-packages\binance\client.py", line 368, in _handle_response
    raise BinanceAPIException(response, response.status_code, response.text)
binance.exceptions.BinanceAPIException: APIError(code=-1021): Timestamp for this request was 1000ms ahead of the server's time.
2026-02-27 21:26:22,238 | INFO | Time synced. Offset: -2852 ms
2026-02-27 21:26:22,241 | INFO | Order request: {'symbol': 'BTCUSDT', 'side': 'BUY', 'type': 'MARKET', 'quantity': 0.001}
2026-02-27 21:26:23,613 | ERROR | Binance API error: APIError(code=-4164): Order's notional must be no smaller than 100 (unless you choose reduce only).
Traceback (most recent call last):
  File "C:\Users\ASTEP\OneDrive\2024\Desktop\Project\bot\client.py", line 32, in place_order
    response = self.client.futures_create_order(**kwargs)
  File "C:\Users\ASTEP\AppData\Local\Programs\Python\Python313\Lib\site-packages\binance\client.py", line 6504, in futures_create_order
    return self._request_futures_api('post', 'order', True, data=params)
           ~~~~~~~~~~~~~~~~~~~~~~~~~^^^^^^^^^^^^^^^^^^^^^^^^^^^^^^^^^^^^
  File "C:\Users\ASTEP\AppData\Local\Programs\Python\Python313\Lib\site-packages\binance\client.py", line 383, in _request_futures_api
    return self._request(method, uri, signed, True, **kwargs)
           ~~~~~~~~~~~~~^^^^^^^^^^^^^^^^^^^^^^^^^^^^^^^^^^^^^
  File "C:\Users\ASTEP\AppData\Local\Programs\Python\Python313\Lib\site-packages\binance\client.py", line 359, in _request
    return self._handle_response(self.response)
           ~~~~~~~~~~~~~~~~~~~~~^^^^^^^^^^^^^^^
  File "C:\Users\ASTEP\AppData\Local\Programs\Python\Python313\Lib\site-packages\binance\client.py", line 368, in _handle_response
    raise BinanceAPIException(response, response.status_code, response.text)
binance.exceptions.BinanceAPIException: APIError(code=-4164): Order's notional must be no smaller than 100 (unless you choose reduce only).
2026-02-27 21:27:10,074 | INFO | Time synced. Offset: -2843 ms
2026-02-27 21:27:10,077 | INFO | Order request: {'symbol': 'BTCUSDT', 'side': 'BUY', 'type': 'MARKET', 'quantity': 0.002}
2026-02-27 21:27:10,796 | INFO | Order response: {'orderId': 12555674947, 'symbol': 'BTCUSDT', 'status': 'NEW', 'clientOrderId': '5O5R0AgBSX8m0IcRHlHZIS', 'price': '0.00', 'avgPrice': '0.00', 'origQty': '0.002', 'executedQty': '0.000', 'cumQty': '0.000', 'cumQuote': '0.00000', 'timeInForce': 'GTC', 'type': 'MARKET', 'reduceOnly': False, 'closePosition': False, 'side': 'BUY', 'positionSide': 'BOTH', 'stopPrice': '0.00', 'workingType': 'CONTRACT_PRICE', 'priceProtect': False, 'origType': 'MARKET', 'priceMatch': 'NONE', 'selfTradePreventionMode': 'EXPIRE_MAKER', 'goodTillDate': 0, 'updateTime': 1772207827932}
2026-02-27 21:28:16,036 | INFO | Time synced. Offset: -2851 ms
2026-02-27 21:28:16,042 | INFO | Order request: {'symbol': 'BTCUSDT', 'side': 'BUY', 'type': 'LIMIT', 'quantity': 0.003, 'price': 20000.0, 'timeInForce': 'GTC'}
2026-02-27 21:28:16,768 | ERROR | Binance API error: APIError(code=-4164): Order's notional must be no smaller than 100 (unless you choose reduce only).
Traceback (most recent call last):
  File "C:\Users\ASTEP\OneDrive\2024\Desktop\Project\bot\client.py", line 32, in place_order
    response = self.client.futures_create_order(**kwargs)
  File "C:\Users\ASTEP\AppData\Local\Programs\Python\Python313\Lib\site-packages\binance\client.py", line 6504, in futures_create_order
    return self._request_futures_api('post', 'order', True, data=params)
           ~~~~~~~~~~~~~~~~~~~~~~~~~^^^^^^^^^^^^^^^^^^^^^^^^^^^^^^^^^^^^
  File "C:\Users\ASTEP\AppData\Local\Programs\Python\Python313\Lib\site-packages\binance\client.py", line 383, in _request_futures_api
    return self._request(method, uri, signed, True, **kwargs)
           ~~~~~~~~~~~~~^^^^^^^^^^^^^^^^^^^^^^^^^^^^^^^^^^^^^
  File "C:\Users\ASTEP\AppData\Local\Programs\Python\Python313\Lib\site-packages\binance\client.py", line 359, in _request
    return self._handle_response(self.response)
           ~~~~~~~~~~~~~~~~~~~~~^^^^^^^^^^^^^^^
  File "C:\Users\ASTEP\AppData\Local\Programs\Python\Python313\Lib\site-packages\binance\client.py", line 368, in _handle_response
    raise BinanceAPIException(response, response.status_code, response.text)
binance.exceptions.BinanceAPIException: APIError(code=-4164): Order's notional must be no smaller than 100 (unless you choose reduce only).
2026-02-27 21:29:19,484 | INFO | Time synced. Offset: -2843 ms
2026-02-27 21:29:19,487 | INFO | Order request: {'symbol': 'BTCUSDT', 'side': 'BUY', 'type': 'LIMIT', 'quantity': 0.005, 'price': 20000.0, 'timeInForce': 'GTC'}
2026-02-27 21:29:20,557 | INFO | Order response: {'orderId': 12555679032, 'symbol': 'BTCUSDT', 'status': 'NEW', 'clientOrderId': 'E40EBpHx6SK5UdXmBICz7X', 'price': '20000.00', 'avgPrice': '0.00', 'origQty': '0.005', 'executedQty': '0.000', 'cumQty': '0.000', 'cumQuote': '0.00000', 'timeInForce': 'GTC', 'type': 'LIMIT', 'reduceOnly': False, 'closePosition': False, 'side': 'BUY', 'positionSide': 'BOTH', 'stopPrice': '0.00', 'workingType': 'CONTRACT_PRICE', 'priceProtect': False, 'origType': 'LIMIT', 'priceMatch': 'NONE', 'selfTradePreventionMode': 'EXPIRE_MAKER', 'goodTillDate': 0, 'updateTime': 1772207957714}
